
============ meminfo  18-05-23 11:04:59  ==============
MemTotal:         185600 kB
MemFree:          120824 kB
Buffers:               4 kB
Cached:            18216 kB
SwapCached:            0 kB
Active:            22228 kB
Inactive:          11828 kB
Active(anon):      15908 kB
Inactive(anon):       92 kB
Active(file):       6320 kB
Inactive(file):    11736 kB
Unevictable:           0 kB
Mlocked:               0 kB
SwapTotal:        204796 kB
SwapFree:         204796 kB
Dirty:                72 kB
Writeback:             4 kB
AnonPages:         15856 kB
Mapped:             7776 kB
Shmem:               128 kB
Slab:              10276 kB
SReclaimable:       3508 kB
SUnreclaim:         6768 kB
KernelStack:        1784 kB
PageTables:          800 kB
NFS_Unstable:          0 kB
Bounce:                0 kB
WritebackTmp:          0 kB
CommitLimit:      297596 kB
Committed_AS:      28708 kB
VmallocTotal:     761856 kB
VmallocUsed:       35720 kB
VmallocChunk:     556420 kB

============ binder_state  18-05-23 11:04:59  ==============
binder state:
proc 159
  thread 159: l 12
  thread 302: l 12
  node 20: u00000000b76f3150 c00000000b76f3134 hs 1 hw 1 ls 0 lw 0 is 1 iw 1 proc 141
  ref 18: desc 0 node 1 s 1 w 1 d   (null)
proc 157
  thread 157: l 00
  thread 273: l 12
  thread 276: l 11
proc 164
  thread 164: l 12
  node 13: u00000000b83cb0b0 c00000000b83cb08c hs 1 hw 1 ls 0 lw 0 is 1 iw 1 proc 141
  ref 11: desc 0 node 1 s 1 w 1 d   (null)
proc 181
  thread 231: l 00
proc 182
  thread 232: l 00
proc 141
  thread 141: l 12
  node 1: u0000000000000000 c0000000000000000 hs 1 hw 1 ls 1 lw 1 is 3 iw 3 proc 159 164 140
  ref 7: desc 1 node 6 s 1 w 0 d cf4891c0
  ref 14: desc 2 node 13 s 1 w 0 d cf3e3f40
  ref 21: desc 3 node 20 s 1 w 0 d cf3b5200
proc 140
  thread 140: l 02
  node 6: u000000000009b0b0 c000000000009b704 hs 1 hw 1 ls 0 lw 0 is 1 iw 1 proc 141
  ref 4: desc 0 node 1 s 1 w 1 d   (null)

============ binder_stats  18-05-23 11:04:59  ==============
binder stats:
BC_TRANSACTION: 7
BC_REPLY: 6
BC_FREE_BUFFER: 12
BC_INCREFS: 3
BC_ACQUIRE: 6
BC_INCREFS_DONE: 3
BC_ACQUIRE_DONE: 3
BC_REGISTER_LOOPER: 1
BC_ENTER_LOOPER: 6
BC_REQUEST_DEATH_NOTIFICATION: 3
BR_TRANSACTION: 6
BR_REPLY: 6
BR_DEAD_REPLY: 1
BR_TRANSACTION_COMPLETE: 12
BR_INCREFS: 3
BR_ACQUIRE: 3
BR_SPAWN_LOOPER: 1
proc: active 7 total 7
thread: active 10 total 10
node: active 4 total 4
ref: active 6 total 6
death: active 3 total 3
transaction: active 0 total 12
transaction_complete: active 0 total 12
proc 159
  threads: 2
  requested threads: 0+0/15
  ready threads 2
  free async space 520192
  nodes: 1
  refs: 1 s 1 w 1
  buffers: 0
  pending transactions: 0
  BC_TRANSACTION: 2
  BC_FREE_BUFFER: 2
  BC_INCREFS: 1
  BC_ACQUIRE: 1
  BC_INCREFS_DONE: 1
  BC_ACQUIRE_DONE: 1
  BC_ENTER_LOOPER: 2
  BR_REPLY: 2
  BR_TRANSACTION_COMPLETE: 2
  BR_INCREFS: 1
  BR_ACQUIRE: 1
proc 157
  threads: 3
  requested threads: 0+1/4
  ready threads 2
  free async space 520192
  nodes: 0
  refs: 0 s 0 w 0
  buffers: 0
  pending transactions: 0
  BC_REGISTER_LOOPER: 1
  BC_ENTER_LOOPER: 1
  BR_SPAWN_LOOPER: 1
proc 164
  threads: 1
  requested threads: 0+0/15
  ready threads 1
  free async space 520192
  nodes: 1
  refs: 1 s 1 w 1
  buffers: 0
  pending transactions: 0
  BC_TRANSACTION: 2
  BC_FREE_BUFFER: 2
  BC_INCREFS: 1
  BC_ACQUIRE: 1
  BC_INCREFS_DONE: 1
  BC_ACQUIRE_DONE: 1
  BC_ENTER_LOOPER: 1
  BR_REPLY: 2
  BR_TRANSACTION_COMPLETE: 2
  BR_INCREFS: 1
  BR_ACQUIRE: 1
proc 181
  threads: 1
  requested threads: 0+0/15
  ready threads 0
  free async space 520192
  nodes: 0
  refs: 0 s 0 w 0
  buffers: 0
  pending transactions: 0
proc 182
  threads: 1
  requested threads: 0+0/15
  ready threads 0
  free async space 520192
  nodes: 0
  refs: 0 s 0 w 0
  buffers: 0
  pending transactions: 0
proc 141
  threads: 1
  requested threads: 0+0/0
  ready threads 1
  free async space 65536
  nodes: 1
  refs: 3 s 3 w 0
  buffers: 0
  pending transactions: 0
  BC_REPLY: 6
  BC_FREE_BUFFER: 6
  BC_ACQUIRE: 3
  BC_ENTER_LOOPER: 1
  BC_REQUEST_DEATH_NOTIFICATION: 3
  BR_TRANSACTION: 6
  BR_TRANSACTION_COMPLETE: 6
proc 140
  threads: 1
  requested threads: 0+0/0
  ready threads 0
  free async space 520192
  nodes: 1
  refs: 1 s 1 w 1
  buffers: 0
  pending transactions: 0
  BC_TRANSACTION: 3
  BC_FREE_BUFFER: 2
  BC_INCREFS: 1
  BC_ACQUIRE: 1
  BC_INCREFS_DONE: 1
  BC_ACQUIRE_DONE: 1
  BC_ENTER_LOOPER: 1
  BR_REPLY: 2
  BR_DEAD_REPLY: 1
  BR_TRANSACTION_COMPLETE: 2
  BR_INCREFS: 1
  BR_ACQUIRE: 1

============ binder_transactions  18-05-23 11:04:59  ==============
binder transactions:

============ binder_transaction_log  18-05-23 11:04:59  ==============
0: call  from 140:140 to 0:0 node 0 handle 0 size 0:0
2: call  from 140:140 to 141:0 node 1 handle 0 size 0:0
3: reply from 141:141 to 140:140 node 0 handle 0 size 4:0
5: call  from 140:140 to 141:0 node 1 handle 0 size 120:4
8: reply from 141:141 to 140:140 node 0 handle 0 size 4:0
9: call  from 164:164 to 141:0 node 1 handle 0 size 0:0
10: reply from 141:141 to 164:164 node 0 handle 0 size 4:0
12: call  from 164:164 to 141:0 node 1 handle 0 size 140:4
15: reply from 141:141 to 164:164 node 0 handle 0 size 4:0
16: call  from 159:159 to 141:0 node 1 handle 0 size 0:0
17: reply from 141:141 to 159:159 node 0 handle 0 size 4:0
19: call  from 159:159 to 141:0 node 1 handle 0 size 120:4
22: reply from 141:141 to 159:159 node 0 handle 0 size 4:0

============ binder_failed_transaction_log  18-05-23 11:04:59  ==============
0: call  from 140:140 to 0:0 node 0 handle 0 size 0:0

============ query_task_fd  18-05-23 11:04:59  ==============
Use default value: task_threshold 30; fd_threshold 100


******************** dirpath : /proc/179 ******************** 
SUMMERY:
 proc name	: phoneserver
 task count	: 30	(threshold 30)
 fd count	: 54	(threshold 100)

TASK:
/proc/179/task/179 -> phoneserver
/proc/179/task/184 -> phoneserver
/proc/179/task/187 -> phoneserver
/proc/179/task/188 -> phoneserver
/proc/179/task/189 -> phoneserver
/proc/179/task/190 -> phoneserver
/proc/179/task/191 -> phoneserver
/proc/179/task/192 -> phoneserver
/proc/179/task/193 -> phoneserver
/proc/179/task/194 -> phoneserver
/proc/179/task/195 -> phoneserver
/proc/179/task/196 -> phoneserver
/proc/179/task/197 -> phoneserver
/proc/179/task/198 -> phoneserver
/proc/179/task/199 -> phoneserver
/proc/179/task/200 -> phoneserver
/proc/179/task/201 -> phoneserver
/proc/179/task/202 -> phoneserver
/proc/179/task/203 -> phoneserver
/proc/179/task/204 -> phoneserver
/proc/179/task/205 -> phoneserver
/proc/179/task/206 -> phoneserver
/proc/179/task/207 -> phoneserver
/proc/179/task/208 -> phoneserver
/proc/179/task/209 -> phoneserver
/proc/179/task/210 -> phoneserver
/proc/179/task/211 -> phoneserver
/proc/179/task/212 -> phoneserver
/proc/179/task/213 -> phoneserver
/proc/179/task/214 -> phoneserver

FD:
/proc/179/fd/0 -> /dev/null
/proc/179/fd/1 -> /dev/null
/proc/179/fd/2 -> /dev/null
/proc/179/fd/3 -> /dev/log/main
/proc/179/fd/4 -> /dev/log/radio
/proc/179/fd/5 -> /dev/log/events
/proc/179/fd/6 -> /dev/log/system
/proc/179/fd/7 -> socket:[656]
/proc/179/fd/8 -> /dev/__properties__
/proc/179/fd/9 -> socket:[657]
/proc/179/fd/11 -> /sys/power/wake_lock
/proc/179/fd/12 -> /sys/power/wake_unlock
/proc/179/fd/13 -> /dev/stty_lte0
/proc/179/fd/14 -> /dev/stty_lte1
/proc/179/fd/15 -> /dev/stty_lte2
/proc/179/fd/16 -> /dev/stty_lte3
/proc/179/fd/17 -> /dev/stty_lte4
/proc/179/fd/18 -> /dev/stty_lte5
/proc/179/fd/19 -> /dev/stty_lte6
/proc/179/fd/20 -> /dev/stty_lte7
/proc/179/fd/21 -> /dev/stty_lte8
/proc/179/fd/22 -> /dev/stty_lte9
/proc/179/fd/23 -> /dev/stty_lte10
/proc/179/fd/24 -> /dev/stty_lte11
/proc/179/fd/25 -> /dev/ptmx
/proc/179/fd/26 -> /dev/pts/0
/proc/179/fd/27 -> /dev/ptmx
/proc/179/fd/28 -> /dev/pts/1
/proc/179/fd/29 -> /dev/ptmx
/proc/179/fd/30 -> /dev/pts/2
/proc/179/fd/31 -> /dev/ptmx
/proc/179/fd/32 -> /dev/pts/3
/proc/179/fd/33 -> /dev/ptmx
/proc/179/fd/34 -> /dev/pts/4
/proc/179/fd/35 -> /dev/ptmx
/proc/179/fd/36 -> /dev/pts/5
/proc/179/fd/37 -> /dev/ptmx
/proc/179/fd/38 -> /dev/pts/6
/proc/179/fd/39 -> /dev/ptmx
/proc/179/fd/40 -> /dev/pts/7
/proc/179/fd/41 -> /dev/ptmx
/proc/179/fd/42 -> /dev/pts/8
/proc/179/fd/43 -> /dev/ptmx
/proc/179/fd/44 -> /dev/pts/9
/proc/179/fd/45 -> /dev/ptmx
/proc/179/fd/46 -> /dev/pts/10
/proc/179/fd/47 -> /dev/ptmx
/proc/179/fd/48 -> /dev/pts/11
/proc/179/fd/49 -> /dev/ptmx
/proc/179/fd/50 -> /dev/pts/12
/proc/179/fd/51 -> /dev/ptmx
/proc/179/fd/52 -> /dev/pts/13
/proc/179/fd/53 -> /dev/ptmx
/proc/179/fd/54 -> /dev/pts/14

 == SUCCESS! ==

============ df  18-05-23 11:04:59  ==============
Filesystem               Size     Used     Avail     Free   Blksize
/dev                    90.6M   128.0K    90.5M    90.5M   4096
/sys/fs/cgroup          90.6M     0.0K    90.6M    90.6M   4096
/mnt/asec               90.6M     0.0K    90.6M    90.6M   4096
/mnt/obb                90.6M     0.0K    90.6M    90.6M   4096
/system                211.6M   187.5M    24.1M    24.1M   4096
/data                  118.4M    76.2M    42.3M    42.3M   4096
/cache                  23.2M    24.0K    23.2M    23.2M   4096
/productinfo             1.1M    56.0K     1.1M     1.1M   4096
/mnt/shell/emulated    118.4M    76.2M    42.3M    42.3M   4096
/storage/temp_sd       118.4M    76.2M    42.3M    42.3M   4096
/storage/sdcard0       118.4M    76.2M    42.3M    42.3M   4096

============ ps  18-05-23 11:04:59  ==============
USER     PID   PPID  VSIZE  RSS     WCHAN    PC         NAME
root      1     0     632    468   c00fda10 0001a094 S /init
root      2     0     0      0     c0040cec 00000000 S kthreadd
root      3     2     0      0     c0047690 00000000 S ksoftirqd/0
root      4     2     0      0     c003b918 00000000 S kworker/0:0
root      5     2     0      0     c003b918 00000000 S kworker/0:0H
root      6     2     0      0     c003b918 00000000 S kworker/u4:0
root      7     2     0      0     c0047690 00000000 S migration/0
root      8     2     0      0     c008bec0 00000000 S rcu_preempt
root      9     2     0      0     c008bbe8 00000000 S rcu_bh
root      10    2     0      0     c008bbe8 00000000 S rcu_sched
root      11    2     0      0     c0047690 00000000 S migration/1
root      12    2     0      0     c0047690 00000000 S ksoftirqd/1
root      13    2     0      0     c003b918 00000000 S kworker/1:0
root      14    2     0      0     c003b918 00000000 S kworker/1:0H
root      15    2     0      0     c003b33c 00000000 S khelper
root      16    2     0      0     c003b33c 00000000 S suspend_sys_syn
root      17    2     0      0     c003b33c 00000000 S suspend
root      18    2     0      0     c003b33c 00000000 S writeback
root      19    2     0      0     c003b33c 00000000 S bioset
root      20    2     0      0     c003b33c 00000000 S crypto
root      21    2     0      0     c003b33c 00000000 S kblockd
root      22    2     0      0     c0334968 00000000 S khubd
root      23    2     0      0     c003b918 00000000 S kworker/u4:1
root      48    2     0      0     c045255c 00000000 S pm_print
root      49    2     0      0     c003b918 00000000 S kworker/0:1
root      50    2     0      0     c003b33c 00000000 S cfg80211
root      51    2     0      0     c003b918 00000000 S kworker/u5:0
root      52    2     0      0     c003b33c 00000000 S 70a00000.spi
root      53    2     0      0     c003b33c 00000000 S 70b00000.spi
root      54    2     0      0     c003b33c 00000000 S 70c00000.spi
root      55    2     0      0     c003b918 00000000 S kworker/1:1
root      56    2     0      0     c003b33c 00000000 S sprdbat_monitor
root      57    2     0      0     c00bcfb0 00000000 S kswapd0
root      58    2     0      0     c00dfea8 00000000 S ksmd
root      59    2     0      0     c0124eb8 00000000 S fsnotify_mark
root      80    2     0      0     c003b33c 00000000 S dwc_otg
root      81    2     0      0     c003b33c 00000000 S USB2pcWq
root      82    2     0      0     c003b33c 00000000 S USBDetectWq
root      83    2     0      0     c003b33c 00000000 S USBReinitWq
root      84    2     0      0     c003b33c 00000000 S ite7258_ts
root      85    2     0      0     c003b33c 00000000 S stk_mems_wq
root      87    2     0      0     c042ade8 00000000 S ion_heap_system
root      88    2     0      0     c042ade8 00000000 S ion_heap_carveo
root      89    2     0      0     c042ade8 00000000 S ion_heap_carveo
root      90    2     0      0     c003b33c 00000000 S binder
root      91    2     0      0     c043dc58 00000000 S krtccd
root      92    2     0      0     c0467c00 00000000 S sbuf-5-4
root      93    2     0      0     c0467c00 00000000 S sbuf-5-5
root      94    2     0      0     c0467c00 00000000 S sbuf-5-21
root      95    2     0      0     c0467c00 00000000 S sbuf-5-6
root      96    2     0      0     c0467c00 00000000 S dual_sim_plug-5
root      97    2     0      0     c003b33c 00000000 S saudio
root      98    2     0      0     c046bd98 00000000 S saudio-5-10
root      99    2     0      0     c0467c00 00000000 S sblock-5-13
root      100   2     0      0     c0467c00 00000000 S sblock-5-10
root      101   2     0      0     c0467c00 00000000 S sblock-5-11
root      102   2     0      0     c003b33c 00000000 S saudio
root      103   2     0      0     c0467c00 00000000 S sblock-5-12
root      104   2     0      0     c046bd98 00000000 S saudio-5-14
root      105   2     0      0     c0467c00 00000000 S sblock-5-17
root      106   2     0      0     c0467c00 00000000 S sblock-5-14
root      107   2     0      0     c0467c00 00000000 S sblock-5-15
root      108   2     0      0     c0467c00 00000000 S sblock-5-16
root      109   2     0      0     c003b918 00000000 S kworker/u4:2
root      110   2     0      0     c0467c00 00000000 S sblock-5-2
root      111   2     0      0     c046bd98 00000000 S imsbr-data[5-2]
root      112   2     0      0     c0467c00 00000000 S sblock-5-3
root      113   2     0      0     c046bd98 00000000 S imsbr-ctrl[5-3]
root      114   2     0      0     c003b33c 00000000 S deferwq
root      115   2     0      0     c0467c00 00000000 S sipx-5-7
root      116   2     0      0     c0467c00 00000000 S sipx-5-8
root      117   2     0      0     c0467c00 00000000 S sipx-5-9
root      118   2     0      0     c0467c00 00000000 S sipx-5-18
root      119   2     0      0     c0467c00 00000000 S sipx-5-19
root      120   2     0      0     c0467c00 00000000 S sipx-5-20
root      122   2     0      0     c003b33c 00000000 S f_mtp
root      123   2     0      0     c0368814 00000000 S file-storage
root      124   2     0      0     c003b33c 00000000 S VserTestWq
root      125   2     0      0     c003b33c 00000000 S headset_button
root      126   2     0      0     c003b33c 00000000 S headset_detect
root      127   2     0      0     c003b33c 00000000 S headset_reg_dum
root      128   2     0      0     c003b33c 00000000 S adpgar_byp_sele
root      129   2     0      0     c003b918 00000000 S kworker/u4:3
root      130   2     0      0     c003b918 00000000 S kworker/u4:4
root      131   2     0      0     c003b918 00000000 S kworker/u4:5
root      132   1     524    224   c00fda10 0001a094 S /sbin/ueventd
root      133   2     0      0     c02fe014 00000000 S ubi_bgt0d
root      135   2     0      0     c01f2014 00000000 S ubifs_bgt0_19
root      136   2     0      0     c01f2014 00000000 S ubifs_bgt0_16
root      137   2     0      0     c01f2014 00000000 S ubifs_bgt0_0
root      138   2     0      0     c003b33c 00000000 S gpu_dfs
media_rw  139   1     3516   440   ffffffff b6f33310 S /system/bin/sdcard
media_rw  161   139   3516   440   c020cf58 b6f33310 S sdcard
media_rw  162   139   3516   440   c020cf58 b6f33310 S sdcard
root      140   1     1432   144   c0128000 000112c8 S /sbin/healthd
system    141   1     1012   316   c0436b6c b6f055d4 S /system/bin/servicemanager
root      142   1     4684   1124  ffffffff b6f5decc S /system/bin/vold
root      254   142   4684   1124  c00fda10 b6f5d720 S vold
root      255   142   4684   1124  c00fda10 b6f5d720 S vold
system    143   1     3152   592   ffffffff b6ebcecc S /system/bin/download
system    149   143   3152   592   c00fda10 b6ebc720 S download
system    150   143   3152   592   c00fda10 b6ebc720 S download
system    144   1     3360   776   ffffffff b6fb40ea R /system/bin/gnss_download
system    155   144   3360   776   c00fda10 b6f4d720 S gnss_download
system    156   144   3360   776   c00fda10 b6f4d720 S gnss_download
system    145   1     3068   456   ffffffff b6edaecc S /system/bin/modem_control
system    166   145   3068   456   c00fda10 b6eda720 S modem_control
system    168   145   3068   456   c058d8dc b6eda310 S modem_control
system    146   1     6160   492   ffffffff b6f95e4c S /system/bin/modemd
system    169   146   6160   492   c04cfd78 b6f962c8 S modemd
system    170   146   6160   492   c04cfd78 b6f962c8 S modemd
system    171   146   6160   492   c058d8dc b6f95310 S modemd
system    175   146   6160   492   c00fda10 b6f95720 S modemd
system    176   146   6160   492   c058d8dc b6f95310 S modemd
system    147   1     5336   644   ffffffff b6f0fecc S /system/bin/wcnd
system    268   147   5336   644   c00699f4 b6f10950 S wcnd
system    269   147   5336   644   c00fda10 b6f0f720 S wcnd
system    270   147   5336   644   c00fda10 b6f0f720 S wcnd
system    272   147   5336   644   c0044714 b6f0fecc S wcnd
system    148   1     360    84    c00fda10 00009780 S /bin/batterysrv
system    151   1     2996   384   ffffffff b6f77950 S /system/bin/modemDriver_vpad_main
system    173   151   2996   384   c00fda10 b6f76720 S modemDriver_vpa
system    178   151   2996   384   c00fda10 b6f76720 S modemDriver_vpa
root      152   1     2328   1008  c00fda10 b6eb780c S /system/bin/netd
root      153   1     1136   480   c04cfd78 b6f642c8 S /system/bin/debuggerd
root      154   1     3632   588   ffffffff b6f32028 S /system/bin/slog
root      221   154   3632   588   c04cfd78 b6f25c08 S slog
root      239   154   3632   588   c0044714 b6f3218c S slog
system    157   1     19608  2984  ffffffff b6ef5ac0 D /system/bin/surfaceflinger
system    273   157   19608  2984  c0436b6c b6e705d4 S Binder_1
system    275   157   19608  2984  c00699f4 b6e71950 S DispSync
system    276   157   19608  2984  c0436b6c b6e705d4 S Binder_2
system    283   157   22664  3016  bf002030 b6e705d4 S MaliNotify
system    284   157   22664  3016  c00699f4 b6e71950 S surfaceflinger
system    298   157   22664  3016  c00699f4 b6e71950 S OverlayComposer
system    299   157   22664  3016  c00699f4 b6e71950 S SprdVSyncThread
system    304   157   22664  3016  c01eb33c b67f85f0 D SprdWIDIBlit
system    311   157   22664  3016  c00699f4 b6e71950 S MaliWorker
system    313   157   22664  3016  c00699f4 b6e71950 S MaliWorker
system    315   157   22664  3016  c00699f4 b6e71950 S MaliWorker
system    340   157   22664  3016  c00c3894 b6e70474 D surfaceflinger
system    341   157   22664  3016  c00c3894 b6e70474 D surfaceflinger
system    342   157   22664  3016  c00c3894 b6e70474 D surfaceflinger
root      158   1     21024  4384  c02eb060 b6f4bfca D /system/bin/app_process
drm       159   1     10772  3696  ffffffff b6eec5d4 S /system/bin/drmserver
drm       301   159   10772  3696  c04cfd78 b6eed2c8 S drmserver
drm       302   159   10772  3696  c0436b6c b6eec5d4 S Binder_1
media     160   1     10208  3840  c02eb060 b6facb82 D /system/bin/mediaserver
install   163   1     1004   440   c04cfd78 b6f102c8 S /system/bin/installd
keystore  164   1     3368   1208  c0436b6c b6ea75d4 S /system/bin/keystore
system    165   1     1900   352   ffffffff b6f0a2c8 S /system/bin/fotabinder
system    177   165   1900   352   c0044714 b6f09ecc S fotabinder
shell     167   1     1312   712   c00fda10 b6ec680c S /system/bin/slogmodem
root      172   1     1068   404   c00255ac b6f42e38 S /system/xbin/srtd
system    174   1     5828   1292  ffffffff b6f71950 S /system/bin/thermald
system    265   174   5828   1292  c0044714 b6f70ecc S thermald
system    266   174   5828   1292  c04cfd78 b6f712c8 S thermald
system    267   174   5828   1292  c00fda10 b6f7180c S thermald
system    179   1     31000  940   ffffffff b6f78e4c S /system/bin/phoneserver
system    184   179   31000  940   c04cfd78 b6f792c8 S phoneserver
system    187   179   31000  940   c046a2f8 b6f78310 S phoneserver
system    188   179   31000  940   c046a2f8 b6f78310 S phoneserver
system    189   179   31000  940   c046a2f8 b6f78310 S phoneserver
system    190   179   31000  940   c046a2f8 b6f78310 S phoneserver
system    191   179   31000  940   c046a2f8 b6f78310 S phoneserver
system    192   179   31000  940   c046a2f8 b6f78310 S phoneserver
system    193   179   31000  940   c046a2f8 b6f78310 S phoneserver
system    194   179   31000  940   c046a2f8 b6f78310 S phoneserver
system    195   179   31000  940   c046a2f8 b6f78310 S phoneserver
system    196   179   31000  940   c046a2f8 b6f78310 S phoneserver
system    197   179   31000  940   c046a2f8 b6f78310 S phoneserver
system    198   179   31000  940   c046a2f8 b6f78310 S phoneserver
system    199   179   31000  940   c00fda10 b6f78720 S phoneserver
system    200   179   31000  940   c00fda10 b6f78720 S phoneserver
system    201   179   31000  940   c00fda10 b6f78720 S phoneserver
system    202   179   31000  940   c00fda10 b6f78720 S phoneserver
system    203   179   31000  940   c00fda10 b6f78720 S phoneserver
system    204   179   31000  940   c00fda10 b6f78720 S phoneserver
system    205   179   31000  940   c00fda10 b6f78720 S phoneserver
system    206   179   31000  940   c00fda10 b6f78720 S phoneserver
system    207   179   31000  940   c00fda10 b6f78720 S phoneserver
system    208   179   31000  940   c00fda10 b6f78720 S phoneserver
system    209   179   31000  940   c00fda10 b6f78720 S phoneserver
system    210   179   31000  940   c00fda10 b6f78720 S phoneserver
system    211   179   31000  940   c00fda10 b6f78720 S phoneserver
system    212   179   31000  940   c00fda10 b6f78720 S phoneserver
system    213   179   31000  940   c00fda10 b6f78720 S phoneserver
system    214   179   31000  940   c0044714 b6f78ecc S phoneserver
root      180   1     14836  4212  ffffffff b6f0eecc S /system/bin/engpc
root      324   180   14836  4212  c00fda10 b6f0f80c S engpc
root      325   180   14836  4212  c046a2f8 b6f0e310 S engpc
root      326   180   14836  4212  c028f890 b6f0e310 S engpc
root      327   180   14836  4212  c046a2f8 b6f0e310 S engpc
root      328   180   14836  4212  c00fda10 b6f0e720 S engpc
root      329   180   14836  4212  c046a2f8 b6f0e310 S engpc
radio     181   1     7776   1012  ffffffff b6f21ecc S /system/bin/rild_sp
radio     231   181   7776   1012  c00fda10 b6f21720 S rild_sp
radio     241   181   7776   1012  c00699f4 b6f22950 S rild_sp
radio     242   181   7776   1012  c00fda10 b6f21720 S rild_sp
radio     246   181   7776   1012  c00699f4 b6f22950 S rild_sp
radio     247   181   7776   1012  c00699f4 b6f22950 S rild_sp
radio     182   1     7776   1012  ffffffff b6f16ecc S /system/bin/rild_sp
radio     232   182   7776   1012  c00fda10 b6f16720 S rild_sp
radio     240   182   7776   1012  c00699f4 b6f17950 S rild_sp
radio     243   182   7776   1012  c00699f4 b6f17950 S rild_sp
radio     244   182   7776   1012  c00699f4 b6f17950 S rild_sp
radio     245   182   7776   1012  c00fda10 b6f16720 S rild_sp
root      183   1     5232   3588  ffffffff b6ea3310 S /system/bin/cp_diskserver
root      227   183   5232   3588  c00699f4 b6ea4950 S cp_diskserver
root      185   172   1068   192   c0044714 b6f43ecc S /system/xbin/srtd
shell     215   1     936    448   c028f890 b6e97310 S /system/bin/sh
media_rw  217   1     3508   440   ffffffff b6f91ecc S /system/bin/sdcard
media_rw  225   217   3508   440   c020cf58 b6f91310 S sdcard
media_rw  226   217   3508   440   c020cf58 b6f91310 S sdcard
root      218   1     2424   868   c0044714 b6f5cecc S /system/bin/collect_apr
system    219   1     3196   532   ffffffff b6ea4310 S /system/bin/refnotify
system    222   219   3196   532   c005ea58 b6ea4310 S refnotify
system    223   219   3196   532   c00fda10 b6ea580c S refnotify
shell     220   1     4592   228   ffffffff 000193c4 S /sbin/adbd
shell     224   220   4592   228   c00699f4 0002554c S adbd
shell     229   220   4592   228   c058d8dc 00019254 S adbd
shell     230   220   4592   228   c036ce6c 00019254 S adbd
shell     259   220   4592   228   c00255ac 0001914c S adbd
root      248   2     0      0     c003b918 00000000 S kworker/0:2
shell     258   220   2500   1732  c00fda10 b6fa2720 S logcat
root      271   1     11704  3568  ffffffff b6e90ecc S /system/bin/engpc
root      278   271   11704  3568  c00fda10 b6e9180c S engpc
root      280   271   11704  3568  c028f890 b6e90310 S engpc
root      281   271   11704  3568  c02c9040 b6e90310 S engpc
root      335   154   920    412   c0034464 b6f21158 S sh
root      337   335   1264   448   00000000 b6ea7310 R ps

============ slog_conf  18-05-23 11:04:59  ==============
#control: enable/disable
enable

#type	name		value
var	logpath		external
var	screenshot	enable
var	slogsaveall	off
var	sysdump		on
var	coredump	on
var	hprofs		on
var	sprd_debug	on
var	kmemleak	off

#type	name	state	size	level
stream	kernel	on	0	7
stream	main	on	0	5
stream	events	on	0	0
stream	system	on	0	8
stream	radio	on	0	0
stream	cp0	off	0	5
stream	cp1	off	0	5
stream	cp2	off	0	5
stream	cp_wcdma	off	0	5
stream	cp_td-scdma	off	0	5
stream	cp_wcn		off	0	5
stream	cp_td-lte	on	0	5
stream	cp_tdd-lte	off	0	5
stream	cp_fdd-lte	off	0	5
stream	bt	off	0	7
stream	tcp	off	0	7
stream	kmemleak	off	0	7
misc	misc	on	0	5

#type	name		opt	level	inter	action
snap	meminfo		file	6	300	/proc/meminfo
snap	slab		file	6	300	/proc/slabinfo
snap	buddy		file	6	300	/proc/buddyinfo
snap	slog_conf	file	6	300	/data/local/tmp/slog/slog.conf
snap	cpu_usage	file	9	300	/sys/kernel/debug/sprd_debug/cpu/cpu_usage
snap	traces		file	7	0	/data/anr/traces.txt
snap	last_kmsg	file	7	0	/sys/fs/pstore/console-ramoops
snap	cmdline		file	7	0	/proc/cmdline
snap	ps		cmd	6	300	ps -t
snap	df		cmd	6	300	df
snap	procrank	cmd	9	300	procrank
snap	bugreport	cmd	9	0	bugreport
snap	getprop		cmd	9	0	getprop
snap	dumpsys		cmd	9	0	dumpsys
snap	query_task_fd	cmd	6	0	query_task_fd

#binder_info
snap	binder_failed_transaction_log	file	6	300	/sys/kernel/debug/binder/failed_transaction_log
snap	binder_transaction_log	file	6	300	/sys/kernel/debug/binder/transaction_log
snap	binder_transactions	file	6	300	/sys/kernel/debug/binder/transactions
snap	binder_stats	file	6	300	/sys/kernel/debug/binder/stats
snap	binder_state	file	6	300	/sys/kernel/debug/binder/state
#binder end

#type	name		level	file
notify	anr		1	/data/anr
notify	tombstones	1	/data/tombstones

============ buddy  18-05-23 11:04:59  ==============
Node 0, zone   Normal      3      7      6      0      3      2      0      2      2      3      2      6      3      0 

============ slab  18-05-23 11:04:59  ==============
slabinfo - version: 2.1
# name            <active_objs> <num_objs> <objsize> <objperslab> <pagesperslab> : tunables <limit> <batchcount> <sharedfactor> : slabdata <active_slabs> <num_slabs> <sharedavail>
ubifs_inode_slab     360    360    440   18    2 : tunables    0    0    0 : slabdata     20     20      0
UDPLITEv6              0      0    768   21    4 : tunables    0    0    0 : slabdata      0      0      0
UDPv6                  0      0    768   21    4 : tunables    0    0    0 : slabdata      0      0      0
tw_sock_TCPv6          0      0    192   21    1 : tunables    0    0    0 : slabdata      0      0      0
TCPv6                  0      0   1408   11    4 : tunables    0    0    0 : slabdata      0      0      0
xt_hashlimit           0      0     80   51    1 : tunables    0    0    0 : slabdata      0      0      0
nf_conntrack_c09e9740      0      0    224   18    1 : tunables    0    0    0 : slabdata      0      0      0
nf_conntrack_expect      0      0    160   25    1 : tunables    0    0    0 : slabdata      0      0      0
ashmem_area_cache      0      0    288   14    1 : tunables    0    0    0 : slabdata      0      0      0
kcopyd_job             0      0   2808    5    4 : tunables    0    0    0 : slabdata      0      0      0
dm_rq_target_io        0      0    248   16    1 : tunables    0    0    0 : slabdata      0      0      0
cfq_queue              0      0    152   26    1 : tunables    0    0    0 : slabdata      0      0      0
fuse_request          28     28    280   14    1 : tunables    0    0    0 : slabdata      2      2      0
fuse_inode            18     18    448   18    2 : tunables    0    0    0 : slabdata      1      1      0
sdcardfs_inode_cache      0      0    360   22    2 : tunables    0    0    0 : slabdata      0      0      0
exfat_inode_cache      0      0    448   18    2 : tunables    0    0    0 : slabdata      0      0      0
fat_inode_cache        0      0    424   19    2 : tunables    0    0    0 : slabdata      0      0      0
fat_cache              0      0     24  170    1 : tunables    0    0    0 : slabdata      0      0      0
jbd2_transaction_s      0      0    192   21    1 : tunables    0    0    0 : slabdata      0      0      0
journal_handle         0      0     24  170    1 : tunables    0    0    0 : slabdata      0      0      0
revoke_record          0      0     16  256    1 : tunables    0    0    0 : slabdata      0      0      0
ext4_inode_cache       0      0    608   13    2 : tunables    0    0    0 : slabdata      0      0      0
ext4_allocation_context      0      0    112   36    1 : tunables    0    0    0 : slabdata      0      0      0
ext4_prealloc_space      0      0     72   56    1 : tunables    0    0    0 : slabdata      0      0      0
ext4_io_end            0      0     40  102    1 : tunables    0    0    0 : slabdata      0      0      0
ext4_extent_status      0      0     32  128    1 : tunables    0    0    0 : slabdata      0      0      0
ext2_inode_cache       0      0    488   16    2 : tunables    0    0    0 : slabdata      0      0      0
ext3_inode_cache       0      0    504   16    2 : tunables    0    0    0 : slabdata      0      0      0
ext3_xattr             0      0     56   73    1 : tunables    0    0    0 : slabdata      0      0      0
configfs_dir_cache     73     73     56   73    1 : tunables    0    0    0 : slabdata      1      1      0
dio                    0      0    384   21    2 : tunables    0    0    0 : slabdata      0      0      0
posix_timers_cache      0      0    168   24    1 : tunables    0    0    0 : slabdata      0      0      0
UNIX                  72     72    640   12    2 : tunables    0    0    0 : slabdata      6      6      0
UDP-Lite               0      0    640   12    2 : tunables    0    0    0 : slabdata      0      0      0
xfrm_dst_cache         0      0    320   12    1 : tunables    0    0    0 : slabdata      0      0      0
UDP                   12     12    640   12    2 : tunables    0    0    0 : slabdata      1      1      0
tw_sock_TCP            0      0    128   32    1 : tunables    0    0    0 : slabdata      0      0      0
TCP                    0      0   1280   12    4 : tunables    0    0    0 : slabdata      0      0      0
eventpoll_pwq        204    204     40  102    1 : tunables    0    0    0 : slabdata      2      2      0
blkdev_queue          28     28   1144   14    4 : tunables    0    0    0 : slabdata      2      2      0
blkdev_requests        0      0    216   18    1 : tunables    0    0    0 : slabdata      0      0      0
blkdev_ioc           112    112     72   56    1 : tunables    0    0    0 : slabdata      2      2      0
fsnotify_event_holder      0      0     16  256    1 : tunables    0    0    0 : slabdata      0      0      0
biovec-256             5      5   3072    5    4 : tunables    0    0    0 : slabdata      1      1      0
biovec-128             0      0   1536   10    4 : tunables    0    0    0 : slabdata      0      0      0
biovec-64             42     42    768   21    4 : tunables    0    0    0 : slabdata      2      2      0
sock_inode_cache     126    126    384   21    2 : tunables    0    0    0 : slabdata      6      6      0
file_lock_cache       72     72    112   36    1 : tunables    0    0    0 : slabdata      2      2      0
shmem_inode_cache    294    294    376   21    2 : tunables    0    0    0 : slabdata     14     14      0
proc_inode_cache    1628   1628    368   22    2 : tunables    0    0    0 : slabdata     74     74      0
sigqueue              56     56    144   28    1 : tunables    0    0    0 : slabdata      2      2      0
bdev_cache            32     32    512   16    2 : tunables    0    0    0 : slabdata      2      2      0
inode_cache         6384   6384    336   12    1 : tunables    0    0    0 : slabdata    532    532      0
dentry              8820   8820    136   30    1 : tunables    0    0    0 : slabdata    294    294      0
buffer_head          128    128     64   64    1 : tunables    0    0    0 : slabdata      2      2      0
nsproxy             2380   2380     24  170    1 : tunables    0    0    0 : slabdata     14     14      0
vm_area_struct      2852   2852     88   46    1 : tunables    0    0    0 : slabdata     62     62      0
mm_struct             54     54    448   18    2 : tunables    0    0    0 : slabdata      3      3      0
signal_cache         154    154    576   14    2 : tunables    0    0    0 : slabdata     11     11      0
sighand_cache        144    144   1344   12    4 : tunables    0    0    0 : slabdata     12     12      0
task_struct          255    255   1088   15    4 : tunables    0    0    0 : slabdata     17     17      0
anon_vma_chain      4864   4864     32  128    1 : tunables    0    0    0 : slabdata     38     38      0
anon_vma            1152   1152     32  128    1 : tunables    0    0    0 : slabdata      9      9      0
radix_tree_node      299    299    304   13    1 : tunables    0    0    0 : slabdata     23     23      0
idr_layer_cache      135    135   1080   15    4 : tunables    0    0    0 : slabdata      9      9      0
kmalloc-8192         350    350   8192    2    4 : tunables    0    0    0 : slabdata    175    175      0
kmalloc-4096         156    156   4096    4    4 : tunables    0    0    0 : slabdata     39     39      0
kmalloc-2048          72     72   2048    8    4 : tunables    0    0    0 : slabdata      9      9      0
kmalloc-1024         368    368   1024   16    4 : tunables    0    0    0 : slabdata     23     23      0
kmalloc-512          656    656    512   16    2 : tunables    0    0    0 : slabdata     41     41      0
kmalloc-256         1760   1760    256   16    1 : tunables    0    0    0 : slabdata    110    110      0
kmalloc-192         1911   1911    192   21    1 : tunables    0    0    0 : slabdata     91     91      0
kmalloc-128         3424   3424    128   32    1 : tunables    0    0    0 : slabdata    107    107      0
kmalloc-64         23616  23616     64   64    1 : tunables    0    0    0 : slabdata    369    369      0
kmem_cache_node      128    128     64   64    1 : tunables    0    0    0 : slabdata      2      2      0
kmem_cache            96     96    128   32    1 : tunables    0    0    0 : slabdata      3      3      0
